2000.09.29 06:42 B C:\My Documents\Webs\bfaloona\nepal\images\himalya_magic.jpg --> fstv.freespeech.org /x:/faloona_family/brandon/nepal/images himalya_magic.jpg
2000.09.29 06:45 B C:\My Documents\Webs\bfaloona\nepal\images\Thumbs.db --> fstv.freespeech.org /x:/faloona_family/brandon/nepal/images Thumbs.db
2000.09.29 06:46 B C:\My Documents\Webs\bfaloona\nepal\images\group_night_trials.jpg --> fstv.freespeech.org /x:/faloona_family/brandon/nepal/images group_night_trials.jpg
2000.09.29 06:46 B C:\My Documents\Webs\bfaloona\nepal\images\back.jpg --> fstv.freespeech.org /x:/faloona_family/brandon/nepal/images back.jpg
2000.09.29 06:46 B C:\My Documents\Webs\bfaloona\nepal\images\bac1.jpg --> fstv.freespeech.org /x:/faloona_family/brandon/nepal/images bac1.jpg
2000.09.29 06:46 B C:\My Documents\Webs\bfaloona\nepal\images\himalya_stupa.jpg --> fstv.freespeech.org /x:/faloona_family/brandon/nepal/images himalya_stupa.jpg
2000.09.29 06:47 B C:\My Documents\Webs\bfaloona\nepal\images\earth.jpg --> fstv.freespeech.org /x:/faloona_family/brandon/nepal/images earth.jpg
2000.09.29 06:47 B C:\My Documents\Webs\bfaloona\nepal\images\time_work.jpg --> fstv.freespeech.org /x:/faloona_family/brandon/nepal/images time_work.jpg
2000.09.29 06:47 B C:\My Documents\Webs\bfaloona\nepal\images\t_time_work.jpg --> fstv.freespeech.org /x:/faloona_family/brandon/nepal/images t_time_work.jpg
2000.09.29 06:47 B C:\My Documents\Webs\bfaloona\nepal\images\t_himalya_marsh.jpg --> fstv.freespeech.org /x:/faloona_family/brandon/nepal/images t_himalya_marsh.jpg
2000.09.29 06:47 B C:\My Documents\Webs\bfaloona\nepal\images\himalya_marsh.jpg --> fstv.freespeech.org /x:/faloona_family/brandon/nepal/images himalya_marsh.jpg
2000.09.29 06:47 B C:\My Documents\Webs\bfaloona\nepal\images\time_pipe.jpg --> fstv.freespeech.org /x:/faloona_family/brandon/nepal/images time_pipe.jpg
2000.09.29 06:47 B C:\My Documents\Webs\bfaloona\nepal\images\t_time_pipe.jpg --> fstv.freespeech.org /x:/faloona_family/brandon/nepal/images t_time_pipe.jpg
2000.09.29 06:47 B C:\My Documents\Webs\bfaloona\nepal\images\t_himalya_summit.jpg --> fstv.freespeech.org /x:/faloona_family/brandon/nepal/images t_himalya_summit.jpg
2000.09.29 06:48 B C:\My Documents\Webs\bfaloona\nepal\images\himalya_summit.jpg --> fstv.freespeech.org /x:/faloona_family/brandon/nepal/images himalya_summit.jpg
2000.09.29 06:48 B C:\My Documents\Webs\bfaloona\nepal\images\t_drink_cases.jpg --> fstv.freespeech.org /x:/faloona_family/brandon/nepal/images t_drink_cases.jpg
2000.09.29 06:48 B C:\My Documents\Webs\bfaloona\nepal\images\t_drink_cases2.jpg --> fstv.freespeech.org /x:/faloona_family/brandon/nepal/images t_drink_cases2.jpg
2000.09.29 06:48 B C:\My Documents\Webs\bfaloona\nepal\images\drink_cases.jpg --> fstv.freespeech.org /x:/faloona_family/brandon/nepal/images drink_cases.jpg
2000.09.29 06:48 B C:\My Documents\Webs\bfaloona\nepal\images\time_burning.jpg --> fstv.freespeech.org /x:/faloona_family/brandon/nepal/images time_burning.jpg
2000.09.29 06:49 B C:\My Documents\Webs\bfaloona\nepal\images\t_time_burning.jpg --> fstv.freespeech.org /x:/faloona_family/brandon/nepal/images t_time_burning.jpg
2000.09.29 06:49 B C:\My Documents\Webs\bfaloona\nepal\images\t_earth_top.jpg --> fstv.freespeech.org /x:/faloona_family/brandon/nepal/images t_earth_top.jpg
2000.09.29 06:49 B C:\My Documents\Webs\bfaloona\nepal\images\earth_top.jpg --> fstv.freespeech.org /x:/faloona_family/brandon/nepal/images earth_top.jpg
2000.09.29 06:49 B C:\My Documents\Webs\bfaloona\nepal\images\t_group_kathy2.jpg --> fstv.freespeech.org /x:/faloona_family/brandon/nepal/images t_group_kathy2.jpg
2000.09.29 06:50 B C:\My Documents\Webs\bfaloona\nepal\images\group_kathy2.jpg --> fstv.freespeech.org /x:/faloona_family/brandon/nepal/images group_kathy2.jpg
2000.09.29 06:50 B C:\My Documents\Webs\bfaloona\nepal\images\t_group_heather.jpg --> fstv.freespeech.org /x:/faloona_family/brandon/nepal/images t_group_heather.jpg
2000.09.29 06:50 B C:\My Documents\Webs\bfaloona\nepal\images\group_heather.jpg --> fstv.freespeech.org /x:/faloona_family/brandon/nepal/images group_heather.jpg
2000.09.29 06:50 B C:\My Documents\Webs\bfaloona\nepal\images\t_group_brandon.jpg --> fstv.freespeech.org /x:/faloona_family/brandon/nepal/images t_group_brandon.jpg
2000.09.29 06:50 B C:\My Documents\Webs\bfaloona\nepal\images\group_brandon.jpg --> fstv.freespeech.org /x:/faloona_family/brandon/nepal/images group_brandon.jpg
2000.09.29 06:50 B C:\My Documents\Webs\bfaloona\nepal\images\t_kathmandu.jpg --> fstv.freespeech.org /x:/faloona_family/brandon/nepal/images t_kathmandu.jpg
2000.09.29 06:50 B C:\My Documents\Webs\bfaloona\nepal\images\t_kathmandu_buildings.jpg --> fstv.freespeech.org /x:/faloona_family/brandon/nepal/images t_kathmandu_buildings.jpg
2000.09.29 06:51 B C:\My Documents\Webs\bfaloona\nepal\images\kathmandu.jpg --> fstv.freespeech.org /x:/faloona_family/brandon/nepal/images kathmandu.jpg
2000.09.29 06:51 B C:\My Documents\Webs\bfaloona\nepal\images\t_himalya_stupa.jpg --> fstv.freespeech.org /x:/faloona_family/brandon/nepal/images t_himalya_stupa.jpg
2000.09.29 06:51 B C:\My Documents\Webs\bfaloona\nepal\images\t_group_bus.jpg --> fstv.freespeech.org /x:/faloona_family/brandon/nepal/images t_group_bus.jpg
2000.09.29 06:51 B C:\My Documents\Webs\bfaloona\nepal\images\t_earth_valley.jpg --> fstv.freespeech.org /x:/faloona_family/brandon/nepal/images t_earth_valley.jpg
2000.09.29 06:51 B C:\My Documents\Webs\bfaloona\nepal\images\t_group_bridge.jpg --> fstv.freespeech.org /x:/faloona_family/brandon/nepal/images t_group_bridge.jpg
2000.09.29 06:51 B C:\My Documents\Webs\bfaloona\nepal\images\group_bridge.jpg --> fstv.freespeech.org /x:/faloona_family/brandon/nepal/images group_bridge.jpg
2000.09.29 06:52 B C:\My Documents\Webs\bfaloona\nepal\images\t_drink_lemontea.jpg --> fstv.freespeech.org /x:/faloona_family/brandon/nepal/images t_drink_lemontea.jpg
2000.09.29 06:52 B C:\My Documents\Webs\bfaloona\nepal\images\t_earth.jpg --> fstv.freespeech.org /x:/faloona_family/brandon/nepal/images t_earth.jpg
2000.09.29 06:52 B C:\My Documents\Webs\bfaloona\nepal\images\t_time_poker.jpg --> fstv.freespeech.org /x:/faloona_family/brandon/nepal/images t_time_poker.jpg
2000.09.29 06:52 B C:\My Documents\Webs\bfaloona\nepal\images\time_poker.jpg --> fstv.freespeech.org /x:/faloona_family/brandon/nepal/images time_poker.jpg
2000.09.29 06:52 B C:\My Documents\Webs\bfaloona\nepal\images\t_time.jpg --> fstv.freespeech.org /x:/faloona_family/brandon/nepal/images t_time.jpg
2000.09.29 06:53 B C:\My Documents\Webs\bfaloona\nepal\images\time.jpg --> fstv.freespeech.org /x:/faloona_family/brandon/nepal/images time.jpg
2000.09.29 06:53 B C:\My Documents\Webs\bfaloona\nepal\images\t_time_night.jpg --> fstv.freespeech.org /x:/faloona_family/brandon/nepal/images t_time_night.jpg
2000.09.29 06:53 B C:\My Documents\Webs\bfaloona\nepal\images\time_night.jpg --> fstv.freespeech.org /x:/faloona_family/brandon/nepal/images time_night.jpg
2000.09.29 06:53 B C:\My Documents\Webs\bfaloona\nepal\images\drink_lemontea.jpg --> fstv.freespeech.org /x:/faloona_family/brandon/nepal/images drink_lemontea.jpg
2000.09.29 06:53 B C:\My Documents\Webs\bfaloona\nepal\images\earth_valley.jpg --> fstv.freespeech.org /x:/faloona_family/brandon/nepal/images earth_valley.jpg
2000.09.29 06:54 B C:\My Documents\Webs\bfaloona\nepal\images\group_bus.jpg --> fstv.freespeech.org /x:/faloona_family/brandon/nepal/images group_bus.jpg
2000.09.29 06:54 B C:\My Documents\Webs\bfaloona\nepal\images\t_himalya_magic.jpg --> fstv.freespeech.org /x:/faloona_family/brandon/nepal/images t_himalya_magic.jpg
2000.09.29 06:55 B C:\My Documents\Webs\bfaloona\nepal\images\himalya_magic.old.jpg --> fstv.freespeech.org /x:/faloona_family/brandon/nepal/images himalya_magic.old.jpg
2000.09.29 06:55 B C:\My Documents\Webs\bfaloona\nepal\images\t_child_welcome.jpg --> fstv.freespeech.org /x:/faloona_family/brandon/nepal/images t_child_welcome.jpg
2000.09.29 06:55 B C:\My Documents\Webs\bfaloona\nepal\images\child_welcome.jpg --> fstv.freespeech.org /x:/faloona_family/brandon/nepal/images child_welcome.jpg
2000.09.29 06:55 B C:\My Documents\Webs\bfaloona\nepal\images\t_group_kim.jpg --> fstv.freespeech.org /x:/faloona_family/brandon/nepal/images t_group_kim.jpg
2000.09.29 06:55 B C:\My Documents\Webs\bfaloona\nepal\images\t_time_lamahotel.jpg --> fstv.freespeech.org /x:/faloona_family/brandon/nepal/images t_time_lamahotel.jpg
2000.09.29 06:56 B C:\My Documents\Webs\bfaloona\nepal\images\langtang_lamahotel.jpg --> fstv.freespeech.org /x:/faloona_family/brandon/nepal/images langtang_lamahotel.jpg
2000.09.29 06:56 B C:\My Documents\Webs\bfaloona\nepal\images\t_group_sangi.jpg --> fstv.freespeech.org /x:/faloona_family/brandon/nepal/images t_group_sangi.jpg
2000.09.29 06:56 B C:\My Documents\Webs\bfaloona\nepal\images\group_sangi.jpg --> fstv.freespeech.org /x:/faloona_family/brandon/nepal/images group_sangi.jpg
2000.09.29 06:56 B C:\My Documents\Webs\bfaloona\nepal\images\t_kids_break.jpg --> fstv.freespeech.org /x:/faloona_family/brandon/nepal/images t_kids_break.jpg
2000.09.29 06:57 B C:\My Documents\Webs\bfaloona\nepal\images\kids_break.jpg --> fstv.freespeech.org /x:/faloona_family/brandon/nepal/images kids_break.jpg
2000.09.29 06:57 B C:\My Documents\Webs\bfaloona\nepal\images\t_child.jpg --> fstv.freespeech.org /x:/faloona_family/brandon/nepal/images t_child.jpg
2000.09.29 06:57 B C:\My Documents\Webs\bfaloona\nepal\images\t_child_run.jpg --> fstv.freespeech.org /x:/faloona_family/brandon/nepal/images t_child_run.jpg
2000.09.29 06:57 B C:\My Documents\Webs\bfaloona\nepal\images\child_run.jpg --> fstv.freespeech.org /x:/faloona_family/brandon/nepal/images child_run.jpg
2000.09.29 06:58 B C:\My Documents\Webs\bfaloona\nepal\images\child_run_alt.jpg --> fstv.freespeech.org /x:/faloona_family/brandon/nepal/images child_run_alt.jpg
2000.09.29 06:58 B C:\My Documents\Webs\bfaloona\nepal\images\t_himalya_lama.jpg --> fstv.freespeech.org /x:/faloona_family/brandon/nepal/images t_himalya_lama.jpg
2000.09.29 06:58 B C:\My Documents\Webs\bfaloona\nepal\images\himalya_lama.jpg --> fstv.freespeech.org /x:/faloona_family/brandon/nepal/images himalya_lama.jpg
2000.09.29 06:58 B C:\My Documents\Webs\bfaloona\nepal\images\t_himalya_langtang.jpg --> fstv.freespeech.org /x:/faloona_family/brandon/nepal/images t_himalya_langtang.jpg
2000.09.29 06:59 B C:\My Documents\Webs\bfaloona\nepal\images\himalya_langtang.jpg --> fstv.freespeech.org /x:/faloona_family/brandon/nepal/images himalya_langtang.jpg
2000.09.29 06:59 B C:\My Documents\Webs\bfaloona\nepal\images\t_group_warren.jpg --> fstv.freespeech.org /x:/faloona_family/brandon/nepal/images t_group_warren.jpg
2000.09.29 06:59 B C:\My Documents\Webs\bfaloona\nepal\images\group_warren.jpg --> fstv.freespeech.org /x:/faloona_family/brandon/nepal/images group_warren.jpg
2000.09.29 06:59 B C:\My Documents\Webs\bfaloona\nepal\images\t_kathmandu_drink.jpg --> fstv.freespeech.org /x:/faloona_family/brandon/nepal/images t_kathmandu_drink.jpg
2000.09.29 06:59 B C:\My Documents\Webs\bfaloona\nepal\images\kathmandu_drink.jpg --> fstv.freespeech.org /x:/faloona_family/brandon/nepal/images kathmandu_drink.jpg
2000.09.29 06:59 B C:\My Documents\Webs\bfaloona\nepal\images\t_group_matt.jpg --> fstv.freespeech.org /x:/faloona_family/brandon/nepal/images t_group_matt.jpg
2000.09.29 07:00 B C:\My Documents\Webs\bfaloona\nepal\images\group_matt.jpg --> fstv.freespeech.org /x:/faloona_family/brandon/nepal/images group_matt.jpg
2000.09.29 07:00 B C:\My Documents\Webs\bfaloona\nepal\images\t_group_kathy.jpg --> fstv.freespeech.org /x:/faloona_family/brandon/nepal/images t_group_kathy.jpg
2000.09.29 07:00 B C:\My Documents\Webs\bfaloona\nepal\images\group_kathy.jpg --> fstv.freespeech.org /x:/faloona_family/brandon/nepal/images group_kathy.jpg
2000.09.29 07:00 B C:\My Documents\Webs\bfaloona\nepal\images\t_group_night.jpg --> fstv.freespeech.org /x:/faloona_family/brandon/nepal/images t_group_night.jpg
2000.09.29 07:01 B C:\My Documents\Webs\bfaloona\nepal\images\group_night.jpg --> fstv.freespeech.org /x:/faloona_family/brandon/nepal/images group_night.jpg
2000.09.29 07:01 B C:\My Documents\Webs\bfaloona\nepal\images\t_group_marshal.jpg --> fstv.freespeech.org /x:/faloona_family/brandon/nepal/images t_group_marshal.jpg
2000.09.29 07:01 B C:\My Documents\Webs\bfaloona\nepal\images\group_marshal.jpg --> fstv.freespeech.org /x:/faloona_family/brandon/nepal/images group_marshal.jpg
2000.09.29 07:01 B C:\My Documents\Webs\bfaloona\nepal\images\t_group_angels.jpg --> fstv.freespeech.org /x:/faloona_family/brandon/nepal/images t_group_angels.jpg
2000.09.29 07:02 B C:\My Documents\Webs\bfaloona\nepal\images\group_angels.jpg --> fstv.freespeech.org /x:/faloona_family/brandon/nepal/images group_angels.jpg
2000.09.29 07:02 B C:\My Documents\Webs\bfaloona\nepal\images\group_kim.jpg --> fstv.freespeech.org /x:/faloona_family/brandon/nepal/images group_kim.jpg
2000.09.29 07:02 B C:\My Documents\Webs\bfaloona\nepal\images\t_group_out.jpg --> fstv.freespeech.org /x:/faloona_family/brandon/nepal/images t_group_out.jpg
2000.09.29 07:02 B C:\My Documents\Webs\bfaloona\nepal\images\group_out.jpg --> fstv.freespeech.org /x:/faloona_family/brandon/nepal/images group_out.jpg
2000.09.29 07:02 B C:\My Documents\Webs\bfaloona\nepal\images\t_group_fourwinds.jpg --> fstv.freespeech.org /x:/faloona_family/brandon/nepal/images t_group_fourwinds.jpg
2000.09.29 07:03 B C:\My Documents\Webs\bfaloona\nepal\images\group_fourwinds.jpg --> fstv.freespeech.org /x:/faloona_family/brandon/nepal/images group_fourwinds.jpg
2000.09.29 07:03 B C:\My Documents\Webs\bfaloona\nepal\images\t_group_watch.jpg --> fstv.freespeech.org /x:/faloona_family/brandon/nepal/images t_group_watch.jpg
2000.09.29 07:03 B C:\My Documents\Webs\bfaloona\nepal\images\t_wait.jpg --> fstv.freespeech.org /x:/faloona_family/brandon/nepal/images t_wait.jpg
2000.09.29 07:03 B C:\My Documents\Webs\bfaloona\nepal\images\wait.jpg --> fstv.freespeech.org /x:/faloona_family/brandon/nepal/images wait.jpg
2000.09.29 07:03 B C:\My Documents\Webs\bfaloona\nepal\images\t_child_bull.jpg --> fstv.freespeech.org /x:/faloona_family/brandon/nepal/images t_child_bull.jpg
2000.09.29 07:04 B C:\My Documents\Webs\bfaloona\nepal\images\child_bull.jpg --> fstv.freespeech.org /x:/faloona_family/brandon/nepal/images child_bull.jpg
2000.09.29 07:04 B C:\My Documents\Webs\bfaloona\nepal\images\himalya_village.jpg --> fstv.freespeech.org /x:/faloona_family/brandon/nepal/images himalya_village.jpg
2000.09.29 07:04 B C:\My Documents\Webs\bfaloona\nepal\images\t_himalya_village_sm.jpg --> fstv.freespeech.org /x:/faloona_family/brandon/nepal/images t_himalya_village_sm.jpg
2000.09.29 07:05 B C:\My Documents\Webs\bfaloona\nepal\images\himalya_village_sm.jpg --> fstv.freespeech.org /x:/faloona_family/brandon/nepal/images himalya_village_sm.jpg
2000.09.29 07:05 B C:\My Documents\Webs\bfaloona\nepal\images\t_himalya_peaks.jpg --> fstv.freespeech.org /x:/faloona_family/brandon/nepal/images t_himalya_peaks.jpg
2000.09.29 07:05 B C:\My Documents\Webs\bfaloona\nepal\images\himalya_valley_alt.jpg --> fstv.freespeech.org /x:/faloona_family/brandon/nepal/images himalya_valley_alt.jpg
2000.09.29 07:05 B C:\My Documents\Webs\bfaloona\nepal\images\himalya_valley.jpg --> fstv.freespeech.org /x:/faloona_family/brandon/nepal/images himalya_valley.jpg
2000.09.29 07:05 B C:\My Documents\Webs\bfaloona\nepal\images\t_himalya_valley.jpg --> fstv.freespeech.org /x:/faloona_family/brandon/nepal/images t_himalya_valley.jpg
2000.09.29 07:06 B C:\My Documents\Webs\bfaloona\nepal\images\t_himalya_trees.jpg --> fstv.freespeech.org /x:/faloona_family/brandon/nepal/images t_himalya_trees.jpg
2000.09.29 07:06 B C:\My Documents\Webs\bfaloona\nepal\images\himalya_trees.jpg --> fstv.freespeech.org /x:/faloona_family/brandon/nepal/images himalya_trees.jpg
2000.09.29 07:06 B C:\My Documents\Webs\bfaloona\nepal\images\t_group.jpg --> fstv.freespeech.org /x:/faloona_family/brandon/nepal/images t_group.jpg
2000.09.29 07:07 B C:\My Documents\Webs\bfaloona\nepal\images\group.jpg --> fstv.freespeech.org /x:/faloona_family/brandon/nepal/images group.jpg
2000.09.29 07:07 B C:\My Documents\Webs\bfaloona\nepal\images\t_kathmandu_bazzar.jpg --> fstv.freespeech.org /x:/faloona_family/brandon/nepal/images t_kathmandu_bazzar.jpg
2000.09.29 07:07 B C:\My Documents\Webs\bfaloona\nepal\images\kathmandu_bazzar.jpg --> fstv.freespeech.org /x:/faloona_family/brandon/nepal/images kathmandu_bazzar.jpg
2000.09.29 07:08 B C:\My Documents\Webs\bfaloona\nepal\images\mother_daughter.jpg --> fstv.freespeech.org /x:/faloona_family/brandon/nepal/images mother_daughter.jpg
2000.09.29 07:08 B C:\My Documents\Webs\bfaloona\nepal\images\himalya_peaks.jpg --> fstv.freespeech.org /x:/faloona_family/brandon/nepal/images himalya_peaks.jpg
2000.09.29 07:08 B C:\My Documents\Webs\bfaloona\nepal\images\t_himalya.jpg --> fstv.freespeech.org /x:/faloona_family/brandon/nepal/images t_himalya.jpg
2000.09.29 07:08 B C:\My Documents\Webs\bfaloona\nepal\images\himalya.jpg --> fstv.freespeech.org /x:/faloona_family/brandon/nepal/images himalya.jpg
2000.09.29 07:09 B C:\My Documents\Webs\bfaloona\nepal\images\child.jpg --> fstv.freespeech.org /x:/faloona_family/brandon/nepal/images child.jpg
2000.09.29 07:09 B C:\My Documents\Webs\bfaloona\nepal\images\t_mother_daughter.jpg --> fstv.freespeech.org /x:/faloona_family/brandon/nepal/images t_mother_daughter.jpg
2000.09.29 07:09 B C:\My Documents\Webs\bfaloona\nepal\images\t_kids.jpg --> fstv.freespeech.org /x:/faloona_family/brandon/nepal/images t_kids.jpg
2000.09.29 07:09 B C:\My Documents\Webs\bfaloona\nepal\images\kathmandu_buildings.jpg --> fstv.freespeech.org /x:/faloona_family/brandon/nepal/images kathmandu_buildings.jpg
2000.09.29 07:09 B C:\My Documents\Webs\bfaloona\nepal\images\back1.jpg --> fstv.freespeech.org /x:/faloona_family/brandon/nepal/images back1.jpg
2000.09.29 07:10 B C:\My Documents\Webs\bfaloona\nepal\images\kids.jpg --> fstv.freespeech.org /x:/faloona_family/brandon/nepal/images kids.jpg
2000.09.30 14:49 B C:\My Documents\Webs\faloona\brandon\nepal\images\back.jpg --> fstv.freespeech.org /x:/faloona_family/brandon/nepal/images back.jpg
