2000.09.12 01:37 B C:\My Documents\projects\gerrycd\Photos\Academic\college_grad.JPG --> fstv.freespeech.org /x:/faloona_family/Photos/Academic college_grad.JPG
2000.09.12 01:38 B C:\My Documents\projects\gerrycd\Photos\Academic\dancing_with_freddi.jpg --> fstv.freespeech.org /x:/faloona_family/Photos/Academic dancing_with_freddi.jpg
2000.09.12 01:38 B C:\My Documents\projects\gerrycd\Photos\Academic\dancing_with_freddi2.JPG --> fstv.freespeech.org /x:/faloona_family/Photos/Academic dancing_with_freddi2.JPG
2000.09.12 01:39 B C:\My Documents\projects\gerrycd\Photos\Academic\flavet.JPG --> fstv.freespeech.org /x:/faloona_family/Photos/Academic flavet.JPG
2000.09.12 01:39 B C:\My Documents\projects\gerrycd\Photos\Academic\freddi_nursing_graduation.JPG --> fstv.freespeech.org /x:/faloona_family/Photos/Academic freddi_nursing_graduation.JPG
2000.09.12 01:40 B C:\My Documents\projects\gerrycd\Photos\Academic\g_press_release_1967.jpg --> fstv.freespeech.org /x:/faloona_family/Photos/Academic g_press_release_1967.jpg
2000.09.12 01:40 B C:\My Documents\projects\gerrycd\Photos\Academic\grad_uoff.JPG --> fstv.freespeech.org /x:/faloona_family/Photos/Academic grad_uoff.JPG
2000.09.12 01:41 B C:\My Documents\projects\gerrycd\Photos\Academic\labcoat.JPG --> fstv.freespeech.org /x:/faloona_family/Photos/Academic labcoat.JPG
2000.09.12 01:42 B C:\My Documents\projects\gerrycd\Photos\Academic\posing_with_ron.JPG --> fstv.freespeech.org /x:/faloona_family/Photos/Academic posing_with_ron.JPG
2000.09.12 01:42 B C:\My Documents\projects\gerrycd\Photos\Academic\smiling.JPG --> fstv.freespeech.org /x:/faloona_family/Photos/Academic smiling.JPG
2000.09.12 01:42 B C:\My Documents\projects\gerrycd\Photos\Academic\t_college_grad.jpg --> fstv.freespeech.org /x:/faloona_family/Photos/Academic t_college_grad.jpg
2000.09.12 01:42 B C:\My Documents\projects\gerrycd\Photos\Academic\t_dancing_with_freddi.jpg --> fstv.freespeech.org /x:/faloona_family/Photos/Academic t_dancing_with_freddi.jpg
2000.09.12 01:42 B C:\My Documents\projects\gerrycd\Photos\Academic\t_dancing_with_freddi2.jpg --> fstv.freespeech.org /x:/faloona_family/Photos/Academic t_dancing_with_freddi2.jpg
2000.09.12 01:42 B C:\My Documents\projects\gerrycd\Photos\Academic\t_flavet.jpg --> fstv.freespeech.org /x:/faloona_family/Photos/Academic t_flavet.jpg
2000.09.12 01:42 B C:\My Documents\projects\gerrycd\Photos\Academic\t_freddi_nursing_graduation.jpg --> fstv.freespeech.org /x:/faloona_family/Photos/Academic t_freddi_nursing_graduation.jpg
2000.09.12 01:43 B C:\My Documents\projects\gerrycd\Photos\Academic\t_g_press_release_1967.jpg --> fstv.freespeech.org /x:/faloona_family/Photos/Academic t_g_press_release_1967.jpg
2000.09.12 01:43 B C:\My Documents\projects\gerrycd\Photos\Academic\t_grad_uoff.jpg --> fstv.freespeech.org /x:/faloona_family/Photos/Academic t_grad_uoff.jpg
2000.09.12 01:43 B C:\My Documents\projects\gerrycd\Photos\Academic\t_labcoat.jpg --> fstv.freespeech.org /x:/faloona_family/Photos/Academic t_labcoat.jpg
2000.09.12 01:43 B C:\My Documents\projects\gerrycd\Photos\Academic\t_posing_with_ron.jpg --> fstv.freespeech.org /x:/faloona_family/Photos/Academic t_posing_with_ron.jpg
2000.09.12 01:43 B C:\My Documents\projects\gerrycd\Photos\Academic\t_smiling.jpg --> fstv.freespeech.org /x:/faloona_family/Photos/Academic t_smiling.jpg
2000.09.12 01:43 B C:\My Documents\projects\gerrycd\Photos\Academic\t_unger.jpg --> fstv.freespeech.org /x:/faloona_family/Photos/Academic t_unger.jpg
2000.09.12 01:43 B C:\My Documents\projects\gerrycd\Photos\Academic\t_wedding.jpg --> fstv.freespeech.org /x:/faloona_family/Photos/Academic t_wedding.jpg
2000.09.12 01:43 B C:\My Documents\projects\gerrycd\Photos\Academic\t_wedding_dance.jpg --> fstv.freespeech.org /x:/faloona_family/Photos/Academic t_wedding_dance.jpg
2000.09.12 01:43 B C:\My Documents\projects\gerrycd\Photos\Academic\t_wedding_ron.jpg --> fstv.freespeech.org /x:/faloona_family/Photos/Academic t_wedding_ron.jpg
2000.09.12 01:44 B C:\My Documents\projects\gerrycd\Photos\Academic\unger.JPG --> fstv.freespeech.org /x:/faloona_family/Photos/Academic unger.JPG
2000.09.12 01:44 B C:\My Documents\projects\gerrycd\Photos\Academic\wedding.JPG --> fstv.freespeech.org /x:/faloona_family/Photos/Academic wedding.JPG
2000.09.12 01:45 B C:\My Documents\projects\gerrycd\Photos\Academic\wedding_dance.JPG --> fstv.freespeech.org /x:/faloona_family/Photos/Academic wedding_dance.JPG
2000.09.12 01:45 B C:\My Documents\projects\gerrycd\Photos\Academic\wedding_ron.JPG --> fstv.freespeech.org /x:/faloona_family/Photos/Academic wedding_ron.JPG
