2000.09.12 01:57 B C:\My Documents\projects\gerrycd\Photos\Later\as_jack_nicholson.JPG --> fstv.freespeech.org /x:/faloona_family/Photos/Later as_jack_nicholson.JPG
2000.09.12 01:57 B C:\My Documents\projects\gerrycd\Photos\Later\boat.JPG --> fstv.freespeech.org /x:/faloona_family/Photos/Later boat.JPG
2000.09.12 01:58 B C:\My Documents\projects\gerrycd\Photos\Later\deidre_aline_kids.JPG --> fstv.freespeech.org /x:/faloona_family/Photos/Later deidre_aline_kids.JPG
2000.09.12 01:58 B C:\My Documents\projects\gerrycd\Photos\Later\deidre_audrey.JPG --> fstv.freespeech.org /x:/faloona_family/Photos/Later deidre_audrey.JPG
2000.09.12 01:59 B C:\My Documents\projects\gerrycd\Photos\Later\deidre_audrey_ron.JPG --> fstv.freespeech.org /x:/faloona_family/Photos/Later deidre_audrey_ron.JPG
2000.09.12 02:00 B C:\My Documents\projects\gerrycd\Photos\Later\deidre_ballpark.JPG --> fstv.freespeech.org /x:/faloona_family/Photos/Later deidre_ballpark.JPG
2000.09.12 02:01 B C:\My Documents\projects\gerrycd\Photos\Later\deidre_ryan_ron.JPG --> fstv.freespeech.org /x:/faloona_family/Photos/Later deidre_ryan_ron.JPG
2000.09.12 02:01 B C:\My Documents\projects\gerrycd\Photos\Later\hello_dec99.JPG --> fstv.freespeech.org /x:/faloona_family/Photos/Later hello_dec99.JPG
2000.09.12 02:01 B C:\My Documents\projects\gerrycd\Photos\Later\kelly_fred_at_pegasus_st.JPG --> fstv.freespeech.org /x:/faloona_family/Photos/Later kelly_fred_at_pegasus_st.JPG
2000.09.12 02:02 B C:\My Documents\projects\gerrycd\Photos\Later\kelly_jack.JPG --> fstv.freespeech.org /x:/faloona_family/Photos/Later kelly_jack.JPG
2000.09.12 02:03 B C:\My Documents\projects\gerrycd\Photos\Later\kelly_trevjr_brandon_fred_at_pegasus_st.JPG --> fstv.freespeech.org /x:/faloona_family/Photos/Later kelly_trevjr_brandon_fred_at_pegasus_st.JPG
2000.09.12 02:03 B C:\My Documents\projects\gerrycd\Photos\Later\skyler.JPG --> fstv.freespeech.org /x:/faloona_family/Photos/Later skyler.JPG
2000.09.12 02:03 B C:\My Documents\projects\gerrycd\Photos\Later\t_as_jack_nicholson.jpg --> fstv.freespeech.org /x:/faloona_family/Photos/Later t_as_jack_nicholson.jpg
2000.09.12 02:03 B C:\My Documents\projects\gerrycd\Photos\Later\t_boat.jpg --> fstv.freespeech.org /x:/faloona_family/Photos/Later t_boat.jpg
2000.09.12 02:04 B C:\My Documents\projects\gerrycd\Photos\Later\t_deidre_aline_kids.jpg --> fstv.freespeech.org /x:/faloona_family/Photos/Later t_deidre_aline_kids.jpg
2000.09.12 02:04 B C:\My Documents\projects\gerrycd\Photos\Later\t_deidre_audrey.jpg --> fstv.freespeech.org /x:/faloona_family/Photos/Later t_deidre_audrey.jpg
2000.09.12 02:04 B C:\My Documents\projects\gerrycd\Photos\Later\t_deidre_audrey_ron.jpg --> fstv.freespeech.org /x:/faloona_family/Photos/Later t_deidre_audrey_ron.jpg
2000.09.12 02:04 B C:\My Documents\projects\gerrycd\Photos\Later\t_deidre_ballpark.jpg --> fstv.freespeech.org /x:/faloona_family/Photos/Later t_deidre_ballpark.jpg
2000.09.12 02:04 B C:\My Documents\projects\gerrycd\Photos\Later\t_deidre_ryan_ron.jpg --> fstv.freespeech.org /x:/faloona_family/Photos/Later t_deidre_ryan_ron.jpg
2000.09.12 02:04 B C:\My Documents\projects\gerrycd\Photos\Later\t_hello_dec99.jpg --> fstv.freespeech.org /x:/faloona_family/Photos/Later t_hello_dec99.jpg
2000.09.12 02:04 B C:\My Documents\projects\gerrycd\Photos\Later\t_kelly_fred_at_pegasus_st.jpg --> fstv.freespeech.org /x:/faloona_family/Photos/Later t_kelly_fred_at_pegasus_st.jpg
2000.09.12 02:04 B C:\My Documents\projects\gerrycd\Photos\Later\t_kelly_jack.jpg --> fstv.freespeech.org /x:/faloona_family/Photos/Later t_kelly_jack.jpg
2000.09.12 02:04 B C:\My Documents\projects\gerrycd\Photos\Later\t_kelly_trevjr_brandon_fred_at_pegasus_st.jpg --> fstv.freespeech.org /x:/faloona_family/Photos/Later t_kelly_trevjr_brandon_fred_at_pegasus_st.jpg
2000.09.12 02:04 B C:\My Documents\projects\gerrycd\Photos\Later\t_skyler.jpg --> fstv.freespeech.org /x:/faloona_family/Photos/Later t_skyler.jpg
2000.09.12 02:04 B C:\My Documents\projects\gerrycd\Photos\Later\t_with_kelly_with_brandon.jpg --> fstv.freespeech.org /x:/faloona_family/Photos/Later t_with_kelly_with_brandon.jpg
2000.09.12 02:04 B C:\My Documents\projects\gerrycd\Photos\Later\t_workout.jpg --> fstv.freespeech.org /x:/faloona_family/Photos/Later t_workout.jpg
2000.09.12 02:05 B C:\My Documents\projects\gerrycd\Photos\Later\with_kelly_with_brandon.JPG --> fstv.freespeech.org /x:/faloona_family/Photos/Later with_kelly_with_brandon.JPG
2000.09.12 02:05 B C:\My Documents\projects\gerrycd\Photos\Later\workout.JPG --> fstv.freespeech.org /x:/faloona_family/Photos/Later workout.JPG
